<?xml version="1.0" encoding="UTF-8"?>
<testng-results skipped="0" failed="0" ignored="0" total="1" passed="1">
  <reporter-output>
  </reporter-output>
  <suite name="Default suite" duration-ms="20547" started-at="2019-02-18T06:18:24Z" finished-at="2019-02-18T06:18:44Z">
    <groups>
    </groups>
    <test name="Default test" duration-ms="20547" started-at="2019-02-18T06:18:24Z" finished-at="2019-02-18T06:18:44Z">
      <class name="com.training.sanity.tests.AdminUserEditTest">
        <test-method status="PASS" signature="setUpBeforeClass()[pri:0, instance:com.training.sanity.tests.AdminUserEditTest@3bfdc050]" name="setUpBeforeClass" is-config="true" duration-ms="13" started-at="2019-02-18T06:18:24Z" finished-at="2019-02-18T06:18:24Z">
          <reporter-output>
          </reporter-output>
        </test-method> <!-- setUpBeforeClass -->
        <test-method status="PASS" signature="setUp()[pri:0, instance:com.training.sanity.tests.AdminUserEditTest@3bfdc050]" name="setUp" is-config="true" duration-ms="11645" started-at="2019-02-18T06:18:24Z" finished-at="2019-02-18T06:18:36Z">
          <reporter-output>
          </reporter-output>
        </test-method> <!-- setUp -->
        <test-method status="PASS" signature="validEditTest()[pri:0, instance:com.training.sanity.tests.AdminUserEditTest@3bfdc050]" name="validEditTest" duration-ms="7096" started-at="2019-02-18T06:18:36Z" finished-at="2019-02-18T06:18:43Z">
          <reporter-output>
          </reporter-output>
        </test-method> <!-- validEditTest -->
        <test-method status="PASS" signature="tearDown()[pri:0, instance:com.training.sanity.tests.AdminUserEditTest@3bfdc050]" name="tearDown" is-config="true" duration-ms="1766" started-at="2019-02-18T06:18:43Z" finished-at="2019-02-18T06:18:44Z">
          <reporter-output>
          </reporter-output>
        </test-method> <!-- tearDown -->
      </class> <!-- com.training.sanity.tests.AdminUserEditTest -->
    </test> <!-- Default test -->
  </suite> <!-- Default suite -->
</testng-results>
